-------------------------------------------------------------------------------
Test set: webkernel.RunCucumberTest
-------------------------------------------------------------------------------
Tests run: 5, Failures: 0, Errors: 3, Skipped: 0, Time elapsed: 0.681 sec <<< FAILURE! - in webkernel.RunCucumberTest
Today is or is not Friday #1(Is it Friday yet?)  Time elapsed: 0.09 sec  <<< ERROR!
io.cucumber.junit.UndefinedStepException: 
The step 'today is "Friday"' is undefined.
You can implement this step using the snippet(s) below:

@Given("today is {string}")
public void today_is(String string) {
    // Write code here that turns the phrase above into concrete actions
    throw new io.cucumber.java.PendingException();
}


Today is or is not Friday #2(Is it Friday yet?)  Time elapsed: 0.01 sec  <<< ERROR!
io.cucumber.junit.UndefinedStepException: 
The step 'today is "Sunday"' is undefined.
You can implement this step using the snippet(s) below:

@Given("today is {string}")
public void today_is(String string) {
    // Write code here that turns the phrase above into concrete actions
    throw new io.cucumber.java.PendingException();
}


Today is or is not Friday #3(Is it Friday yet?)  Time elapsed: 0.012 sec  <<< ERROR!
io.cucumber.junit.UndefinedStepException: 
The step 'today is "anything else!"' is undefined.
You can implement this step using the snippet(s) below:

@Given("today is {string}")
public void today_is(String string) {
    // Write code here that turns the phrase above into concrete actions
    throw new io.cucumber.java.PendingException();
}


