-------------------------------------------------------------------------------
Test set: webkernel.RunCucumberTest
-------------------------------------------------------------------------------
Tests run: 2, Failures: 1, Errors: 0, Skipped: 0, Time elapsed: 0.578 sec <<< FAILURE! - in webkernel.RunCucumberTest
Friday is Friday(Is it Friday yet?)  Time elapsed: 0.016 sec  <<< FAILURE!
org.junit.ComparisonFailure: expected:<[TGIF]> but was:<[Nope]>

